# JRE version: Java(TM) SE Runtime Environment (8.0_211-b12) (build 1.8.0_211-b12)
# Java VM: Java HotSpot(TM) 64-Bit Server VM (25.211-b12 mixed mode windows-amd64 compressed oops)
Heap:
 PSYoungGen      total 158720K, used 123604K [0x00000000f5580000, 0x00000000ffe80000, 0x0000000100000000)
  eden space 145920K, 77% used [0x00000000f5580000,0x00000000fc349620,0x00000000fe400000)
  from space 12800K, 87% used [0x00000000ff100000,0x00000000ffbebb18,0x00000000ffd80000)
  to   space 13312K, 0% used [0x00000000fe400000,0x00000000fe400000,0x00000000ff100000)
 ParOldGen       total 175104K, used 16847K [0x00000000e0000000, 0x00000000eab00000, 0x00000000f5580000)
  object space 175104K, 9% used [0x00000000e0000000,0x00000000e1073f00,0x00000000eab00000)
 Metaspace       used 48412K, capacity 50532K, committed 50560K, reserved 1093632K
  class space    used 6735K, capacity 7268K, committed 7296K, reserved 1048576K
GC Heap History (10 events):
Event: 3.245 GC heap before
{Heap before GC invocations=6 (full 1):
 PSYoungGen      total 76288K, used 65536K [0x00000000f5580000, 0x00000000fea80000, 0x0000000100000000)
  eden space 65536K, 100% used [0x00000000f5580000,0x00000000f9580000,0x00000000f9580000)
  from space 10752K, 0% used [0x00000000fa000000,0x00000000fa000000,0x00000000faa80000)
  to   space 10752K, 0% used [0x00000000f9580000,0x00000000f9580000,0x00000000fa000000)
 ParOldGen       total 175104K, used 7027K [0x00000000e0000000, 0x00000000eab00000, 0x00000000f5580000)
  object space 175104K, 4% used [0x00000000e0000000,0x00000000e06dcee8,0x00000000eab00000)
 Metaspace       used 29179K, capacity 29854K, committed 30080K, reserved 1075200K
  class space    used 4016K, capacity 4201K, committed 4224K, reserved 1048576K
Event: 3.249 GC heap after
Heap after GC invocations=6 (full 1):
 PSYoungGen      total 76288K, used 8510K [0x00000000f5580000, 0x00000000fcf00000, 0x0000000100000000)
  eden space 65536K, 0% used [0x00000000f5580000,0x00000000f5580000,0x00000000f9580000)
  from space 10752K, 79% used [0x00000000f9580000,0x00000000f9dcfb40,0x00000000fa000000)
  to   space 11776K, 0% used [0x00000000fc380000,0x00000000fc380000,0x00000000fcf00000)
 ParOldGen       total 175104K, used 7035K [0x00000000e0000000, 0x00000000eab00000, 0x00000000f5580000)
  object space 175104K, 4% used [0x00000000e0000000,0x00000000e06deee8,0x00000000eab00000)
 Metaspace       used 29179K, capacity 29854K, committed 30080K, reserved 1075200K
  class space    used 4016K, capacity 4201K, committed 4224K, reserved 1048576K
}
Event: 4.933 GC heap before
{Heap before GC invocations=7 (full 1):
 PSYoungGen      total 76288K, used 74046K [0x00000000f5580000, 0x00000000fcf00000, 0x0000000100000000)
  eden space 65536K, 100% used [0x00000000f5580000,0x00000000f9580000,0x00000000f9580000)
  from space 10752K, 79% used [0x00000000f9580000,0x00000000f9dcfb40,0x00000000fa000000)
  to   space 11776K, 0% used [0x00000000fc380000,0x00000000fc380000,0x00000000fcf00000)
 ParOldGen       total 175104K, used 7035K [0x00000000e0000000, 0x00000000eab00000, 0x00000000f5580000)
  object space 175104K, 4% used [0x00000000e0000000,0x00000000e06deee8,0x00000000eab00000)
 Metaspace       used 32011K, capacity 32864K, committed 32896K, reserved 1077248K
  class space    used 4489K, capacity 4723K, committed 4736K, reserved 1048576K
Event: 4.939 GC heap after
Heap after GC invocations=7 (full 1):
 PSYoungGen      total 107520K, used 10147K [0x00000000f5580000, 0x00000000fcd80000, 0x0000000100000000)
  eden space 97280K, 0% used [0x00000000f5580000,0x00000000f5580000,0x00000000fb480000)
  from space 10240K, 99% used [0x00000000fc380000,0x00000000fcd68f50,0x00000000fcd80000)
  to   space 12288K, 0% used [0x00000000fb580000,0x00000000fb580000,0x00000000fc180000)
 ParOldGen       total 175104K, used 7043K [0x00000000e0000000, 0x00000000eab00000, 0x00000000f5580000)
  object space 175104K, 4% used [0x00000000e0000000,0x00000000e06e0ee8,0x00000000eab00000)
 Metaspace       used 32011K, capacity 32864K, committed 32896K, reserved 1077248K
  class space    used 4489K, capacity 4723K, committed 4736K, reserved 1048576K
}
Event: 5.187 GC heap before
{Heap before GC invocations=8 (full 1):
 PSYoungGen      total 107520K, used 54969K [0x00000000f5580000, 0x00000000fcd80000, 0x0000000100000000)
  eden space 97280K, 46% used [0x00000000f5580000,0x00000000f8145660,0x00000000fb480000)
  from space 10240K, 99% used [0x00000000fc380000,0x00000000fcd68f50,0x00000000fcd80000)
  to   space 12288K, 0% used [0x00000000fb580000,0x00000000fb580000,0x00000000fc180000)
 ParOldGen       total 175104K, used 7043K [0x00000000e0000000, 0x00000000eab00000, 0x00000000f5580000)
  object space 175104K, 4% used [0x00000000e0000000,0x00000000e06e0ee8,0x00000000eab00000)
 Metaspace       used 34225K, capacity 35312K, committed 35456K, reserved 1079296K
  class space    used 4833K, capacity 5135K, committed 5248K, reserved 1048576K
Event: 5.192 GC heap after
Heap after GC invocations=8 (full 1):
 PSYoungGen      total 110592K, used 10583K [0x00000000f5580000, 0x00000000ffd80000, 0x0000000100000000)
  eden space 98304K, 0% used [0x00000000f5580000,0x00000000f5580000,0x00000000fb580000)
  from space 12288K, 86% used [0x00000000fb580000,0x00000000fbfd5e38,0x00000000fc180000)
  to   space 12800K, 0% used [0x00000000ff100000,0x00000000ff100000,0x00000000ffd80000)
 ParOldGen       total 175104K, used 7051K [0x00000000e0000000, 0x00000000eab00000, 0x00000000f5580000)
  object space 175104K, 4% used [0x00000000e0000000,0x00000000e06e2ee8,0x00000000eab00000)
 Metaspace       used 34225K, capacity 35312K, committed 35456K, reserved 1079296K
  class space    used 4833K, capacity 5135K, committed 5248K, reserved 1048576K
}
Event: 5.192 GC heap before
{Heap before GC invocations=9 (full 2):
 PSYoungGen      total 110592K, used 10583K [0x00000000f5580000, 0x00000000ffd80000, 0x0000000100000000)
  eden space 98304K, 0% used [0x00000000f5580000,0x00000000f5580000,0x00000000fb580000)
  from space 12288K, 86% used [0x00000000fb580000,0x00000000fbfd5e38,0x00000000fc180000)
  to   space 12800K, 0% used [0x00000000ff100000,0x00000000ff100000,0x00000000ffd80000)
 ParOldGen       total 175104K, used 7051K [0x00000000e0000000, 0x00000000eab00000, 0x00000000f5580000)
  object space 175104K, 4% used [0x00000000e0000000,0x00000000e06e2ee8,0x00000000eab00000)
 Metaspace       used 34225K, capacity 35312K, committed 35456K, reserved 1079296K
  class space    used 4833K, capacity 5135K, committed 5248K, reserved 1048576K
Event: 5.226 GC heap after
Heap after GC invocations=9 (full 2):
 PSYoungGen      total 110592K, used 0K [0x00000000f5580000, 0x00000000ffd80000, 0x0000000100000000)
  eden space 98304K, 0% used [0x00000000f5580000,0x00000000f5580000,0x00000000fb580000)
  from space 12288K, 0% used [0x00000000fb580000,0x00000000fb580000,0x00000000fc180000)
  to   space 12800K, 0% used [0x00000000ff100000,0x00000000ff100000,0x00000000ffd80000)
 ParOldGen       total 175104K, used 16839K [0x00000000e0000000, 0x00000000eab00000, 0x00000000f5580000)
  object space 175104K, 9% used [0x00000000e0000000,0x00000000e1071f00,0x00000000eab00000)
 Metaspace       used 34225K, capacity 35312K, committed 35456K, reserved 1079296K
  class space    used 4833K, capacity 5135K, committed 5248K, reserved 1048576K
}
Event: 6.195 GC heap before
{Heap before GC invocations=10 (full 2):
 PSYoungGen      total 110592K, used 98304K [0x00000000f5580000, 0x00000000ffd80000, 0x0000000100000000)
  eden space 98304K, 100% used [0x00000000f5580000,0x00000000fb580000,0x00000000fb580000)
  from space 12288K, 0% used [0x00000000fb580000,0x00000000fb580000,0x00000000fc180000)
  to   space 12800K, 0% used [0x00000000ff100000,0x00000000ff100000,0x00000000ffd80000)
 ParOldGen       total 175104K, used 16839K [0x00000000e0000000, 0x00000000eab00000, 0x00000000f5580000)
  object space 175104K, 9% used [0x00000000e0000000,0x00000000e1071f00,0x00000000eab00000)
 Metaspace       used 42628K, capacity 44432K, committed 44544K, reserved 1087488K
  class space    used 5940K, capacity 6357K, committed 6400K, reserved 1048576K
Event: 6.202 GC heap after
Heap after GC invocations=10 (full 2):
 PSYoungGen      total 158720K, used 11182K [0x00000000f5580000, 0x00000000ffe80000, 0x0000000100000000)
  eden space 145920K, 0% used [0x00000000f5580000,0x00000000f5580000,0x00000000fe400000)
  from space 12800K, 87% used [0x00000000ff100000,0x00000000ffbebb18,0x00000000ffd80000)
  to   space 13312K, 0% used [0x00000000fe400000,0x00000000fe400000,0x00000000ff100000)
 ParOldGen       total 175104K, used 16847K [0x00000000e0000000, 0x00000000eab00000, 0x00000000f5580000)
  object space 175104K, 9% used [0x00000000e0000000,0x00000000e1073f00,0x00000000eab00000)
 Metaspace       used 42628K, capacity 44432K, committed 44544K, reserved 1087488K
  class space    used 5940K, capacity 6357K, committed 6400K, reserved 1048576K
}

