# JRE version: Java(TM) SE Runtime Environment (8.0_211-b12) (build 1.8.0_211-b12)
# Java VM: Java HotSpot(TM) 64-Bit Server VM (25.211-b12 mixed mode windows-amd64 compressed oops)
Heap:
 PSYoungGen      total 123904K, used 72706K [0x00000000f5580000, 0x0000000100000000, 0x0000000100000000)
  eden space 80896K, 36% used [0x00000000f5580000,0x00000000f72b1558,0x00000000fa480000)
  from space 43008K, 99% used [0x00000000fa580000,0x00000000fcf4f508,0x00000000fcf80000)
  to   space 49664K, 0% used [0x00000000fcf80000,0x00000000fcf80000,0x0000000100000000)
 ParOldGen       total 204288K, used 139204K [0x00000000e0000000, 0x00000000ec780000, 0x00000000f5580000)
  object space 204288K, 68% used [0x00000000e0000000,0x00000000e87f13f0,0x00000000ec780000)
 Metaspace       used 90425K, capacity 97574K, committed 97664K, reserved 1134592K
  class space    used 12018K, capacity 13416K, committed 13440K, reserved 1048576K
GC Heap History (10 events):
Event: 9452.552 GC heap before
{Heap before GC invocations=30 (full 3):
 PSYoungGen      total 128000K, used 89744K [0x00000000f5580000, 0x00000000fff00000, 0x0000000100000000)
  eden space 83456K, 100% used [0x00000000f5580000,0x00000000fa700000,0x00000000fa700000)
  from space 44544K, 14% used [0x00000000fd380000,0x00000000fd9a4070,0x00000000fff00000)
  to   space 45056K, 0% used [0x00000000fa700000,0x00000000fa700000,0x00000000fd300000)
 ParOldGen       total 204288K, used 139188K [0x00000000e0000000, 0x00000000ec780000, 0x00000000f5580000)
  object space 204288K, 68% used [0x00000000e0000000,0x00000000e87ed3f0,0x00000000ec780000)
 Metaspace       used 89391K, capacity 96532K, committed 96768K, reserved 1132544K
  class space    used 11928K, capacity 13285K, committed 13312K, reserved 1048576K
Event: 9452.560 GC heap after
Heap after GC invocations=30 (full 3):
 PSYoungGen      total 128512K, used 12704K [0x00000000f5580000, 0x00000000ffd80000, 0x0000000100000000)
  eden space 83456K, 0% used [0x00000000f5580000,0x00000000f5580000,0x00000000fa700000)
  from space 45056K, 28% used [0x00000000fa700000,0x00000000fb368100,0x00000000fd300000)
  to   space 43520K, 0% used [0x00000000fd300000,0x00000000fd300000,0x00000000ffd80000)
 ParOldGen       total 204288K, used 139196K [0x00000000e0000000, 0x00000000ec780000, 0x00000000f5580000)
  object space 204288K, 68% used [0x00000000e0000000,0x00000000e87ef3f0,0x00000000ec780000)
 Metaspace       used 89391K, capacity 96532K, committed 96768K, reserved 1132544K
  class space    used 11928K, capacity 13285K, committed 13312K, reserved 1048576K
}
Event: 9455.276 GC heap before
{Heap before GC invocations=31 (full 3):
 PSYoungGen      total 128512K, used 96160K [0x00000000f5580000, 0x00000000ffd80000, 0x0000000100000000)
  eden space 83456K, 100% used [0x00000000f5580000,0x00000000fa700000,0x00000000fa700000)
  from space 45056K, 28% used [0x00000000fa700000,0x00000000fb368100,0x00000000fd300000)
  to   space 43520K, 0% used [0x00000000fd300000,0x00000000fd300000,0x00000000ffd80000)
 ParOldGen       total 204288K, used 139196K [0x00000000e0000000, 0x00000000ec780000, 0x00000000f5580000)
  object space 204288K, 68% used [0x00000000e0000000,0x00000000e87ef3f0,0x00000000ec780000)
 Metaspace       used 89391K, capacity 96532K, committed 96768K, reserved 1132544K
  class space    used 11928K, capacity 13285K, committed 13312K, reserved 1048576K
Event: 9455.286 GC heap after
Heap after GC invocations=31 (full 3):
 PSYoungGen      total 126464K, used 18976K [0x00000000f5580000, 0x00000000ffa80000, 0x0000000100000000)
  eden space 86016K, 0% used [0x00000000f5580000,0x00000000f5580000,0x00000000fa980000)
  from space 40448K, 46% used [0x00000000fd300000,0x00000000fe588100,0x00000000ffa80000)
  to   space 41472K, 0% used [0x00000000fa980000,0x00000000fa980000,0x00000000fd200000)
 ParOldGen       total 204288K, used 139196K [0x00000000e0000000, 0x00000000ec780000, 0x00000000f5580000)
  object space 204288K, 68% used [0x00000000e0000000,0x00000000e87ef3f0,0x00000000ec780000)
 Metaspace       used 89391K, capacity 96532K, committed 96768K, reserved 1132544K
  class space    used 11928K, capacity 13285K, committed 13312K, reserved 1048576K
}
Event: 9457.853 GC heap before
{Heap before GC invocations=32 (full 3):
 PSYoungGen      total 126464K, used 104992K [0x00000000f5580000, 0x00000000ffa80000, 0x0000000100000000)
  eden space 86016K, 100% used [0x00000000f5580000,0x00000000fa980000,0x00000000fa980000)
  from space 40448K, 46% used [0x00000000fd300000,0x00000000fe588100,0x00000000ffa80000)
  to   space 41472K, 0% used [0x00000000fa980000,0x00000000fa980000,0x00000000fd200000)
 ParOldGen       total 204288K, used 139196K [0x00000000e0000000, 0x00000000ec780000, 0x00000000f5580000)
  object space 204288K, 68% used [0x00000000e0000000,0x00000000e87ef3f0,0x00000000ec780000)
 Metaspace       used 89391K, capacity 96532K, committed 96768K, reserved 1132544K
  class space    used 11928K, capacity 13285K, committed 13312K, reserved 1048576K
Event: 9457.866 GC heap after
Heap after GC invocations=32 (full 3):
 PSYoungGen      total 111616K, used 26176K [0x00000000f5580000, 0x00000000ffa80000, 0x0000000100000000)
  eden space 84992K, 0% used [0x00000000f5580000,0x00000000f5580000,0x00000000fa880000)
  from space 26624K, 98% used [0x00000000fa980000,0x00000000fc310100,0x00000000fc380000)
  to   space 41984K, 0% used [0x00000000fd180000,0x00000000fd180000,0x00000000ffa80000)
 ParOldGen       total 204288K, used 139196K [0x00000000e0000000, 0x00000000ec780000, 0x00000000f5580000)
  object space 204288K, 68% used [0x00000000e0000000,0x00000000e87ef3f0,0x00000000ec780000)
 Metaspace       used 89391K, capacity 96532K, committed 96768K, reserved 1132544K
  class space    used 11928K, capacity 13285K, committed 13312K, reserved 1048576K
}
Event: 9460.190 GC heap before
{Heap before GC invocations=33 (full 3):
 PSYoungGen      total 111616K, used 111027K [0x00000000f5580000, 0x00000000ffa80000, 0x0000000100000000)
  eden space 84992K, 99% used [0x00000000f5580000,0x00000000fa85ce80,0x00000000fa880000)
  from space 26624K, 98% used [0x00000000fa980000,0x00000000fc310100,0x00000000fc380000)
  to   space 41984K, 0% used [0x00000000fd180000,0x00000000fd180000,0x00000000ffa80000)
 ParOldGen       total 204288K, used 139196K [0x00000000e0000000, 0x00000000ec780000, 0x00000000f5580000)
  object space 204288K, 68% used [0x00000000e0000000,0x00000000e87ef3f0,0x00000000ec780000)
 Metaspace       used 89394K, capacity 96532K, committed 96768K, reserved 1132544K
  class space    used 11928K, capacity 13285K, committed 13312K, reserved 1048576K
Event: 9460.204 GC heap after
Heap after GC invocations=33 (full 3):
 PSYoungGen      total 123904K, used 33878K [0x00000000f5580000, 0x00000000fff80000, 0x0000000100000000)
  eden space 81920K, 0% used [0x00000000f5580000,0x00000000f5580000,0x00000000fa580000)
  from space 41984K, 80% used [0x00000000fd180000,0x00000000ff2958a8,0x00000000ffa80000)
  to   space 45056K, 0% used [0x00000000fa580000,0x00000000fa580000,0x00000000fd180000)
 ParOldGen       total 204288K, used 139196K [0x00000000e0000000, 0x00000000ec780000, 0x00000000f5580000)
  object space 204288K, 68% used [0x00000000e0000000,0x00000000e87ef3f0,0x00000000ec780000)
 Metaspace       used 89394K, capacity 96532K, committed 96768K, reserved 1132544K
  class space    used 11928K, capacity 13285K, committed 13312K, reserved 1048576K
}
Event: 9487.430 GC heap before
{Heap before GC invocations=34 (full 3):
 PSYoungGen      total 123904K, used 115798K [0x00000000f5580000, 0x00000000fff80000, 0x0000000100000000)
  eden space 81920K, 100% used [0x00000000f5580000,0x00000000fa580000,0x00000000fa580000)
  from space 41984K, 80% used [0x00000000fd180000,0x00000000ff2958a8,0x00000000ffa80000)
  to   space 45056K, 0% used [0x00000000fa580000,0x00000000fa580000,0x00000000fd180000)
 ParOldGen       total 204288K, used 139196K [0x00000000e0000000, 0x00000000ec780000, 0x00000000f5580000)
  object space 204288K, 68% used [0x00000000e0000000,0x00000000e87ef3f0,0x00000000ec780000)
 Metaspace       used 90237K, capacity 97408K, committed 97664K, reserved 1134592K
  class space    used 12003K, capacity 13383K, committed 13440K, reserved 1048576K
Event: 9487.445 GC heap after
Heap after GC invocations=34 (full 3):
 PSYoungGen      total 123904K, used 42813K [0x00000000f5580000, 0x0000000100000000, 0x0000000100000000)
  eden space 80896K, 0% used [0x00000000f5580000,0x00000000f5580000,0x00000000fa480000)
  from space 43008K, 99% used [0x00000000fa580000,0x00000000fcf4f508,0x00000000fcf80000)
  to   space 49664K, 0% used [0x00000000fcf80000,0x00000000fcf80000,0x0000000100000000)
 ParOldGen       total 204288K, used 139204K [0x00000000e0000000, 0x00000000ec780000, 0x00000000f5580000)
  object space 204288K, 68% used [0x00000000e0000000,0x00000000e87f13f0,0x00000000ec780000)
 Metaspace       used 90237K, capacity 97408K, committed 97664K, reserved 1134592K
  class space    used 12003K, capacity 13383K, committed 13440K, reserved 1048576K
}

